<?xml version="1.0" encoding="UTF-8"?>
<!-- Generated by org.testng.reporters.JUnitReportReporter -->
<testsuite skipped="0" hostname="Luisa" name="tests.MyTest" tests="1" failures="0" timestamp="27 oct 2018 14:54:26 GMT" time="4.388" errors="0">
  <testcase name="ingresarSahiThrow" time="4.388" classname="tests.MyTest"/>
</testsuite> <!-- tests.MyTest -->
